Operating system: Microsoft Windows NT 6.2.9200.0
Opening INI file "C:\Users\Dustin\Desktop\Kyukyoku\ini\SonLVL.ini"...
Game type is S1.
Loading Green Hill Zone Act 1...
Loading 16x16 blocks from file "../map16/GHZ.bin", using compression Enigma...
Loading 8x8 tiles from file "../artcmp/8x8ghz.bin", using compression Comper...
Loading 256x256 chunks from file "../map256/GHZ.bin", using compression Kosinski...
Loading FG layout from file "../levels/ghz1.bin", using compression Uncompressed...
Loading BG layout from file "../levels/ghzbg.bin", using compression Uncompressed...
Loading FG layout from file "../levels/ghz2.bin", using compression Uncompressed...
Loading palette file "../pallet/sonic.bin"...
Source: 0 Destination: 0 Length: 16
Loading palette file "../pallet/ghz.bin"...
Source: 0 Destination: 16 Length: 48
Loading FG layout from file "../levels/ghz3.bin", using compression Uncompressed...
Loading FG layout from file "../levels/ending.bin", using compression Uncompressed...
Loading object definition file "obj.ini".
Loading object definition file "objGHZ.ini".
Loading ObjectDefinition type S1ObjectDefinitions.Common.Ring from "Common\Ring.cs"...
Loading type from cached assembly "dllcache\S1ObjectDefinitions.Common.Ring.dll"...
Loading ObjectDefinition type S1ObjectDefinitions.Common.InvisibleBlock from "Common\InvisibleBlock.cs"...
Loading type from cached assembly "dllcache\S1ObjectDefinitions.Common.InvisibleBlock.dll"...
Loading ObjectDefinition type S1ObjectDefinitions.GHZ.Bridge from "GHZ\Bridge.cs"...
Loading ObjectDefinition type S1ObjectDefinitions.GHZ.SwingingPlatform from "GHZ\SwingingPlatform.cs"...
Loading ObjectDefinition type S1ObjectDefinitions.GHZ.SpikedPole from "GHZ\SpikedPole.cs"...
Loading type from cached assembly "dllcache\S1ObjectDefinitions.GHZ.Bridge.dll"...
Loading type from cached assembly "dllcache\S1ObjectDefinitions.GHZ.SpikedPole.dll"...
Loading type from cached assembly "dllcache\S1ObjectDefinitions.GHZ.SwingingPlatform.dll"...
Loading objects from file "../objpos/ghz1.bin", using compression Uncompressed...
Loading start position "Level Start" from file "../misc/sloc_lev.bin"...
Loading start position "Credits Demo 1" from file "../misc/sloc_end.bin"...
Loading start position "Credits Demo 2" from file "../misc/sloc_end.bin"...
Drawing block bitmaps...
Drawing chunk bitmaps...
Level loaded in 2.7389151 second(s).
Load completed.
Saving Green Hill Zone Act 1...
Saving Green Hill Zone Act 1...
Saving Green Hill Zone Act 1...
Saving Green Hill Zone Act 1...
Saving Green Hill Zone Act 1...
Saving Green Hill Zone Act 1...
Saving Green Hill Zone Act 1...
Loading Green Hill Zone Act 2...
Loading 8x8 tiles from file "../artcmp/8x8ghz.bin", using compression Comper...
Loading 16x16 blocks from file "../map16/GHZ.bin", using compression Enigma...
Loading FG layout from file "../levels/ghz2.bin", using compression Uncompressed...
Loading 256x256 chunks from file "../map256/GHZ.bin", using compression Kosinski...
Loading BG layout from file "../levels/ghzbg.bin", using compression Uncompressed...
Loading FG layout from file "../levels/ghz1.bin", using compression Uncompressed...
Loading palette file "../pallet/sonic.bin"...
Source: 0 Destination: 0 Length: 16
Loading FG layout from file "../levels/ghz3.bin", using compression Uncompressed...
Loading palette file "../pallet/ghz2.bin"...
Source: 0 Destination: 16 Length: 48
Loading FG layout from file "../levels/ending.bin", using compression Uncompressed...
Loading object definition file "obj.ini".
Loading object definition file "objGHZ.ini".
Loading ObjectDefinition type S1ObjectDefinitions.Common.Ring from "Common\Ring.cs"...
Loading type from cached assembly "dllcache\S1ObjectDefinitions.Common.Ring.dll"...
Loading ObjectDefinition type S1ObjectDefinitions.Common.InvisibleBlock from "Common\InvisibleBlock.cs"...
Loading type from cached assembly "dllcache\S1ObjectDefinitions.Common.InvisibleBlock.dll"...
Loading ObjectDefinition type S1ObjectDefinitions.GHZ.Bridge from "GHZ\Bridge.cs"...
Loading type from cached assembly "dllcache\S1ObjectDefinitions.GHZ.Bridge.dll"...
Loading ObjectDefinition type S1ObjectDefinitions.GHZ.SwingingPlatform from "GHZ\SwingingPlatform.cs"...
Loading type from cached assembly "dllcache\S1ObjectDefinitions.GHZ.SwingingPlatform.dll"...
Loading ObjectDefinition type S1ObjectDefinitions.GHZ.SpikedPole from "GHZ\SpikedPole.cs"...
Loading type from cached assembly "dllcache\S1ObjectDefinitions.GHZ.SpikedPole.dll"...
Loading start position "Level Start" from file "../misc/sloc_lev.bin"...
Loading objects from file "../objpos/ghz2.bin", using compression Uncompressed...
Drawing block bitmaps...
Drawing chunk bitmaps...
Level loaded in 0.3180435 second(s).
Load completed.
Saving Green Hill Zone Act 2...
Loading Green Hill Zone Act 2...
Loading 8x8 tiles from file "../artcmp/8x8ghz.bin", using compression Comper...
Loading 256x256 chunks from file "../map256/GHZ.bin", using compression Kosinski...
Loading 16x16 blocks from file "../map16/GHZ.bin", using compression Enigma...
Loading FG layout from file "../levels/ghz2.bin", using compression Uncompressed...
Loading BG layout from file "../levels/ghzbg.bin", using compression Uncompressed...
Loading FG layout from file "../levels/ghz1.bin", using compression Uncompressed...
Loading palette file "../pallet/sonic.bin"...
Source: 0 Destination: 0 Length: 16
Loading FG layout from file "../levels/ghz3.bin", using compression Uncompressed...
Loading palette file "../pallet/ghz2.bin"...
Source: 0 Destination: 16 Length: 48
Loading FG layout from file "../levels/ending.bin", using compression Uncompressed...
Loading object definition file "obj.ini".
Loading object definition file "objGHZ.ini".
Loading ObjectDefinition type S1ObjectDefinitions.Common.Ring from "Common\Ring.cs"...
Loading type from cached assembly "dllcache\S1ObjectDefinitions.Common.Ring.dll"...
Loading ObjectDefinition type S1ObjectDefinitions.Common.InvisibleBlock from "Common\InvisibleBlock.cs"...
Loading type from cached assembly "dllcache\S1ObjectDefinitions.Common.InvisibleBlock.dll"...
Loading ObjectDefinition type S1ObjectDefinitions.GHZ.Bridge from "GHZ\Bridge.cs"...
Loading type from cached assembly "dllcache\S1ObjectDefinitions.GHZ.Bridge.dll"...
Loading ObjectDefinition type S1ObjectDefinitions.GHZ.SwingingPlatform from "GHZ\SwingingPlatform.cs"...
Loading type from cached assembly "dllcache\S1ObjectDefinitions.GHZ.SwingingPlatform.dll"...
Loading ObjectDefinition type S1ObjectDefinitions.GHZ.SpikedPole from "GHZ\SpikedPole.cs"...
Loading type from cached assembly "dllcache\S1ObjectDefinitions.GHZ.SpikedPole.dll"...
Loading start position "Level Start" from file "../misc/sloc_lev.bin"...
Loading objects from file "../objpos/ghz2.bin", using compression Uncompressed...
Drawing block bitmaps...
Drawing chunk bitmaps...
Level loaded in 0.2785609 second(s).
Load completed.
Saving Green Hill Zone Act 2...
Saving Green Hill Zone Act 2...
Loading Green Hill Zone Act 1...
Loading 8x8 tiles from file "../artcmp/8x8ghz.bin", using compression Comper...
Loading 256x256 chunks from file "../map256/GHZ.bin", using compression Kosinski...
Loading 16x16 blocks from file "../map16/GHZ.bin", using compression Enigma...
Loading FG layout from file "../levels/ghz1.bin", using compression Uncompressed...
Loading BG layout from file "../levels/ghzbg.bin", using compression Uncompressed...
Loading FG layout from file "../levels/ghz2.bin", using compression Uncompressed...
Loading palette file "../pallet/sonic.bin"...
Source: 0 Destination: 0 Length: 16
Loading FG layout from file "../levels/ghz3.bin", using compression Uncompressed...
Loading palette file "../pallet/ghz.bin"...
Source: 0 Destination: 16 Length: 48
Loading FG layout from file "../levels/ending.bin", using compression Uncompressed...
Loading object definition file "obj.ini".
Loading object definition file "objGHZ.ini".
Loading ObjectDefinition type S1ObjectDefinitions.Common.Ring from "Common\Ring.cs"...
Loading type from cached assembly "dllcache\S1ObjectDefinitions.Common.Ring.dll"...
Loading ObjectDefinition type S1ObjectDefinitions.Common.InvisibleBlock from "Common\InvisibleBlock.cs"...
Loading type from cached assembly "dllcache\S1ObjectDefinitions.Common.InvisibleBlock.dll"...
Loading ObjectDefinition type S1ObjectDefinitions.GHZ.Bridge from "GHZ\Bridge.cs"...
Loading type from cached assembly "dllcache\S1ObjectDefinitions.GHZ.Bridge.dll"...
Loading ObjectDefinition type S1ObjectDefinitions.GHZ.SwingingPlatform from "GHZ\SwingingPlatform.cs"...
Loading ObjectDefinition type S1ObjectDefinitions.GHZ.SpikedPole from "GHZ\SpikedPole.cs"...
Loading type from cached assembly "dllcache\S1ObjectDefinitions.GHZ.SwingingPlatform.dll"...
Loading type from cached assembly "dllcache\S1ObjectDefinitions.GHZ.SpikedPole.dll"...
Loading start position "Level Start" from file "../misc/sloc_lev.bin"...
Loading objects from file "../objpos/ghz1.bin", using compression Uncompressed...
Loading start position "Credits Demo 1" from file "../misc/sloc_end.bin"...
Loading start position "Credits Demo 2" from file "../misc/sloc_end.bin"...
Drawing block bitmaps...
Drawing chunk bitmaps...
Level loaded in 0.3866014 second(s).
Load completed.
Saving Green Hill Zone Act 1...
Saving Green Hill Zone Act 1...
Saving Green Hill Zone Act 1...
Loading Green Hill Zone Act 2...
Loading palette file "../pallet/sonic.bin"...
Source: 0 Destination: 0 Length: 16
Loading 256x256 chunks from file "../map256/GHZ.bin", using compression Kosinski...
Loading 8x8 tiles from file "../artcmp/8x8ghz.bin", using compression Comper...
Loading 16x16 blocks from file "../map16/GHZ.bin", using compression Enigma...
Loading palette file "../pallet/ghz2.bin"...
Source: 0 Destination: 16 Length: 48
Loading FG layout from file "../levels/ghz2.bin", using compression Uncompressed...
Loading BG layout from file "../levels/ghzbg.bin", using compression Uncompressed...
Loading FG layout from file "../levels/ghz1.bin", using compression Uncompressed...
Loading FG layout from file "../levels/ghz3.bin", using compression Uncompressed...
Loading FG layout from file "../levels/ending.bin", using compression Uncompressed...
Loading object definition file "obj.ini".
Loading object definition file "objGHZ.ini".
Loading ObjectDefinition type S1ObjectDefinitions.Common.Ring from "Common\Ring.cs"...
Loading type from cached assembly "dllcache\S1ObjectDefinitions.Common.Ring.dll"...
Loading ObjectDefinition type S1ObjectDefinitions.Common.InvisibleBlock from "Common\InvisibleBlock.cs"...
Loading type from cached assembly "dllcache\S1ObjectDefinitions.Common.InvisibleBlock.dll"...
Loading ObjectDefinition type S1ObjectDefinitions.GHZ.SwingingPlatform from "GHZ\SwingingPlatform.cs"...
Loading type from cached assembly "dllcache\S1ObjectDefinitions.GHZ.SwingingPlatform.dll"...
Loading ObjectDefinition type S1ObjectDefinitions.GHZ.Bridge from "GHZ\Bridge.cs"...
Loading type from cached assembly "dllcache\S1ObjectDefinitions.GHZ.Bridge.dll"...
Loading ObjectDefinition type S1ObjectDefinitions.GHZ.SpikedPole from "GHZ\SpikedPole.cs"...
Loading type from cached assembly "dllcache\S1ObjectDefinitions.GHZ.SpikedPole.dll"...
Loading start position "Level Start" from file "../misc/sloc_lev.bin"...
Loading objects from file "../objpos/ghz2.bin", using compression Uncompressed...
Drawing block bitmaps...
Drawing chunk bitmaps...
Level loaded in 0.2804865 second(s).
Load completed.
Saving Green Hill Zone Act 2...
Saving Green Hill Zone Act 2...
Saving Green Hill Zone Act 2...
Saving Green Hill Zone Act 2...
Saving Green Hill Zone Act 2...
Saving Green Hill Zone Act 2...
Loading Marble Zone Act 2...
Loading 16x16 blocks from file "../map16/MZ.bin", using compression Enigma...
Loading 8x8 tiles from file "../artcmp/8x8mz.bin", using compression Comper...
Loading FG layout from file "../levels/mz2.bin", using compression Uncompressed...
Loading 256x256 chunks from file "../map256/MZ.bin", using compression Kosinski...
Loading BG layout from file "../levels/mz2bg.bin", using compression Uncompressed...
Loading palette file "../pallet/sonic.bin"...
Source: 0 Destination: 0 Length: 16
Loading palette file "../pallet/mz2.bin"...
Source: 0 Destination: 16 Length: 48
Loading FG layout from file "../levels/mz1.bin", using compression Uncompressed...
Loading BG layout from file "../levels/mz1bg.bin", using compression Uncompressed...
Loading FG layout from file "../levels/mz3.bin", using compression Uncompressed...
Loading BG layout from file "../levels/mz3bg.bin", using compression Uncompressed...
Loading object definition file "obj.ini".
Loading object definition file "objMZ.ini".
Loading ObjectDefinition type S1ObjectDefinitions.Common.Ring from "Common\Ring.cs"...
Loading type from cached assembly "dllcache\S1ObjectDefinitions.Common.Ring.dll"...
Loading ObjectDefinition type S1ObjectDefinitions.GHZ.SwingingPlatform from "GHZ\SwingingPlatform.cs"...
Loading type from cached assembly "dllcache\S1ObjectDefinitions.GHZ.SwingingPlatform.dll"...
Loading ObjectDefinition type S1ObjectDefinitions.Common.InvisibleBlock from "Common\InvisibleBlock.cs"...
Loading type from cached assembly "dllcache\S1ObjectDefinitions.Common.InvisibleBlock.dll"...
Unable to read file "../artnem/MZ Green Pushable Block.bin" with compression Nemesis:
Error loading object definition Movable Block:
System.IO.FileNotFoundException: Could not find file 'C:\Users\Dustin\Desktop\Kyukyoku\artnem\MZ Green Pushable Block.bin'.
File name: 'C:\Users\Dustin\Desktop\Kyukyoku\artnem\MZ Green Pushable Block.bin'
   at System.IO.__Error.WinIOError(Int32 errorCode, String maybeFullPath)
   at System.IO.FileStream.Init(String path, FileMode mode, FileAccess access, Int32 rights, Boolean useRights, FileShare share, Int32 bufferSize, FileOptions options, SECURITY_ATTRIBUTES secAttrs, String msgPath, Boolean bFromProxy, Boolean useLongPath, Boolean checkHost)
   at System.IO.FileStream..ctor(String path, FileMode mode, FileAccess access, FileShare share)
   at SonicRetro.KensSharp.Nemesis.Decompress(String sourceFilePath)
   at SonicRetro.SonLVL.API.Compression.Decompress(String file, CompressionType cmp) in E:\AutoBuild\SonLVL\SonLVLAPI\Compression.cs:line 51
   at SonicRetro.SonLVL.API.LevelData.ReadFile(String file, CompressionType cmp) in E:\AutoBuild\SonLVL\SonLVLAPI\LevelData.cs:line 1560
   at SonicRetro.SonLVL.API.DefaultObjectDefinition.Init(ObjectData data) in E:\AutoBuild\SonLVL\SonLVLAPI\ObjectDefinition.cs:line 509
System.AggregateException: One or more errors occurred. ---> System.IO.FileNotFoundException: Could not find file 'C:\Users\Dustin\Desktop\Kyukyoku\_maps\obj35.asm'.
   at System.IO.__Error.WinIOError(Int32 errorCode, String maybeFullPath)
   at System.IO.FileStream.Init(String path, FileMode mode, FileAccess access, Int32 rights, Boolean useRights, FileShare share, Int32 bufferSize, FileOptions options, SECURITY_ATTRIBUTES secAttrs, String msgPath, Boolean bFromProxy, Boolean useLongPath, Boolean checkHost)
   at System.IO.FileStream..ctor(String path, FileMode mode, FileAccess access, FileShare share, Int32 bufferSize, FileOptions options, String msgPath, Boolean bFromProxy, Boolean useLongPath, Boolean checkHost)
   at System.IO.StreamReader..ctor(String path, Encoding encoding, Boolean detectEncodingFromByteOrderMarks, Int32 bufferSize, Boolean checkHost)
   at System.IO.StreamReader..ctor(String path, Encoding encoding)
   at System.IO.File.InternalReadAllLines(String path, Encoding encoding)
   at System.IO.File.ReadAllLines(String path)
   at SonicRetro.SonLVL.API.LevelData.GetASMLabels(String file, Int32 sti, EngineVersion version) in E:\AutoBuild\SonLVL\SonLVLAPI\LevelData.cs:line 1923
   at SonicRetro.SonLVL.API.LevelData.ASMToBin(String file, Int32 sti, EngineVersion version, Dictionary`2& labels) in E:\AutoBuild\SonLVL\SonLVLAPI\LevelData.cs:line 1712
   at SonicRetro.SonLVL.API.ObjectHelper.MapASMToBmp(Byte[] artfile, String mapfileloc, Int32 frame, Int32 startpal, Boolean priority, EngineVersion version) in E:\AutoBuild\SonLVL\SonLVLAPI\ObjectHelper.cs:line 18
   at SonicRetro.SonLVL.API.XMLObjectDefinition.Init(ObjectData data) in E:\AutoBuild\SonLVL\SonLVLAPI\ObjectDefinition.cs:line 704
   at SonicRetro.SonLVL.API.LevelData.<>c__DisplayClass100_0.<InitObjectDefinitions>b__0(KeyValuePair`2 group) in E:\AutoBuild\SonLVL\SonLVLAPI\LevelData.cs:line 1500
   at System.Threading.Tasks.Parallel.<>c__DisplayClass42_0`2.<PartitionerForEachWorker>b__1()
   at System.Threading.Tasks.Task.InnerInvoke()
   at System.Threading.Tasks.Task.InnerInvokeWithArg(Task childTask)
   at System.Threading.Tasks.Task.<>c__DisplayClass176_0.<ExecuteSelfReplicating>b__0(Object )
   --- End of inner exception stack trace ---
   at System.Threading.Tasks.Task.ThrowIfExceptional(Boolean includeTaskCanceledExceptions)
   at System.Threading.Tasks.Task.Wait(Int32 millisecondsTimeout, CancellationToken cancellationToken)
   at System.Threading.Tasks.Task.Wait()
   at System.Threading.Tasks.Parallel.PartitionerForEachWorker[TSource,TLocal](Partitioner`1 source, ParallelOptions parallelOptions, Action`1 simpleBody, Action`2 bodyWithState, Action`3 bodyWithStateAndIndex, Func`4 bodyWithStateAndLocal, Func`5 bodyWithEverything, Func`1 localInit, Action`1 localFinally)
   at System.Threading.Tasks.Parallel.ForEachWorker[TSource,TLocal](IEnumerable`1 source, ParallelOptions parallelOptions, Action`1 body, Action`2 bodyWithState, Action`3 bodyWithStateAndIndex, Func`4 bodyWithStateAndLocal, Func`5 bodyWithEverything, Func`1 localInit, Action`1 localFinally)
   at System.Threading.Tasks.Parallel.ForEach[TSource](IEnumerable`1 source, Action`1 body)
   at SonicRetro.SonLVL.API.LevelData.InitObjectDefinitions() in E:\AutoBuild\SonLVL\SonLVLAPI\LevelData.cs:line 1427
   at SonicRetro.SonLVL.API.LevelData.LoadLevel(String levelname, Boolean loadGraphics) in E:\AutoBuild\SonLVL\SonLVLAPI\LevelData.cs:line 304
   at SonicRetro.SonLVL.GUI.MainForm.backgroundLevelLoader_DoWork(Object sender, DoWorkEventArgs e) in E:\AutoBuild\SonLVL\SonLVL\MainForm.cs:line 560
---> (Inner Exception #0) System.IO.FileNotFoundException: Could not find file 'C:\Users\Dustin\Desktop\Kyukyoku\_maps\obj35.asm'.
File name: 'C:\Users\Dustin\Desktop\Kyukyoku\_maps\obj35.asm'
   at System.IO.__Error.WinIOError(Int32 errorCode, String maybeFullPath)
   at System.IO.FileStream.Init(String path, FileMode mode, FileAccess access, Int32 rights, Boolean useRights, FileShare share, Int32 bufferSize, FileOptions options, SECURITY_ATTRIBUTES secAttrs, String msgPath, Boolean bFromProxy, Boolean useLongPath, Boolean checkHost)
   at System.IO.FileStream..ctor(String path, FileMode mode, FileAccess access, FileShare share, Int32 bufferSize, FileOptions options, String msgPath, Boolean bFromProxy, Boolean useLongPath, Boolean checkHost)
   at System.IO.StreamReader..ctor(String path, Encoding encoding, Boolean detectEncodingFromByteOrderMarks, Int32 bufferSize, Boolean checkHost)
   at System.IO.StreamReader..ctor(String path, Encoding encoding)
   at System.IO.File.InternalReadAllLines(String path, Encoding encoding)
   at System.IO.File.ReadAllLines(String path)
   at SonicRetro.SonLVL.API.LevelData.GetASMLabels(String file, Int32 sti, EngineVersion version) in E:\AutoBuild\SonLVL\SonLVLAPI\LevelData.cs:line 1923
   at SonicRetro.SonLVL.API.LevelData.ASMToBin(String file, Int32 sti, EngineVersion version, Dictionary`2& labels) in E:\AutoBuild\SonLVL\SonLVLAPI\LevelData.cs:line 1712
   at SonicRetro.SonLVL.API.ObjectHelper.MapASMToBmp(Byte[] artfile, String mapfileloc, Int32 frame, Int32 startpal, Boolean priority, EngineVersion version) in E:\AutoBuild\SonLVL\SonLVLAPI\ObjectHelper.cs:line 18
   at SonicRetro.SonLVL.API.XMLObjectDefinition.Init(ObjectData data) in E:\AutoBuild\SonLVL\SonLVLAPI\ObjectDefinition.cs:line 704
   at SonicRetro.SonLVL.API.LevelData.<>c__DisplayClass100_0.<InitObjectDefinitions>b__0(KeyValuePair`2 group) in E:\AutoBuild\SonLVL\SonLVLAPI\LevelData.cs:line 1500
   at System.Threading.Tasks.Parallel.<>c__DisplayClass42_0`2.<PartitionerForEachWorker>b__1()
   at System.Threading.Tasks.Task.InnerInvoke()
   at System.Threading.Tasks.Task.InnerInvokeWithArg(Task childTask)
   at System.Threading.Tasks.Task.<>c__DisplayClass176_0.<ExecuteSelfReplicating>b__0(Object )<---

---> (Inner Exception #1) System.IO.FileNotFoundException: Could not find file 'C:\Users\Dustin\Desktop\Kyukyoku\_maps\MZ Large Grassy Platforms.asm'.
File name: 'C:\Users\Dustin\Desktop\Kyukyoku\_maps\MZ Large Grassy Platforms.asm'
   at System.IO.__Error.WinIOError(Int32 errorCode, String maybeFullPath)
   at System.IO.FileStream.Init(String path, FileMode mode, FileAccess access, Int32 rights, Boolean useRights, FileShare share, Int32 bufferSize, FileOptions options, SECURITY_ATTRIBUTES secAttrs, String msgPath, Boolean bFromProxy, Boolean useLongPath, Boolean checkHost)
   at System.IO.FileStream..ctor(String path, FileMode mode, FileAccess access, FileShare share, Int32 bufferSize, FileOptions options, String msgPath, Boolean bFromProxy, Boolean useLongPath, Boolean checkHost)
   at System.IO.StreamReader..ctor(String path, Encoding encoding, Boolean detectEncodingFromByteOrderMarks, Int32 bufferSize, Boolean checkHost)
   at System.IO.StreamReader..ctor(String path, Encoding encoding)
   at System.IO.File.InternalReadAllLines(String path, Encoding encoding)
   at System.IO.File.ReadAllLines(String path)
   at SonicRetro.SonLVL.API.LevelData.GetASMLabels(String file, Int32 sti, EngineVersion version) in E:\AutoBuild\SonLVL\SonLVLAPI\LevelData.cs:line 1923
   at SonicRetro.SonLVL.API.LevelData.ASMToBin(String file, Int32 sti, EngineVersion version, Dictionary`2& labels) in E:\AutoBuild\SonLVL\SonLVLAPI\LevelData.cs:line 1712
   at SonicRetro.SonLVL.API.ObjectHelper.MapASMToBmp(Byte[] artfile, String mapfileloc, Int32 frame, Int32 startpal, Boolean priority, EngineVersion version) in E:\AutoBuild\SonLVL\SonLVLAPI\ObjectHelper.cs:line 18
   at SonicRetro.SonLVL.API.XMLObjectDefinition.Init(ObjectData data) in E:\AutoBuild\SonLVL\SonLVLAPI\ObjectDefinition.cs:line 704
   at SonicRetro.SonLVL.API.LevelData.<>c__DisplayClass100_0.<InitObjectDefinitions>b__0(KeyValuePair`2 group) in E:\AutoBuild\SonLVL\SonLVLAPI\LevelData.cs:line 1500
   at System.Threading.Tasks.Parallel.<>c__DisplayClass42_0`2.<PartitionerForEachWorker>b__1()
   at System.Threading.Tasks.Task.InnerInvoke()
   at System.Threading.Tasks.Task.InnerInvokeWithArg(Task childTask)
   at System.Threading.Tasks.Task.<>c__DisplayClass176_0.<ExecuteSelfReplicating>b__0(Object )<---

