Operating system: Microsoft Windows NT 6.2.9200.0
Opening INI file "C:\Users\Dustin\Desktop\Kyukyoku\Sonic 1 2005 INIs\SonLVL.ini"...
Game type is S1.
Loading Green Hill Zone Act 1...
Loading 8x8 tiles from file "../artcmp/8x8ghz.bin", using compression Comper...
Loading 16x16 blocks from file "../map16/GHZ.bin", using compression Enigma...
Loading 256x256 chunks from file "../map256/GHZ.bin", using compression Kosinski...
Loading FG layout from file "../levels/ghz1.bin", using compression Uncompressed...
Loading BG layout from file "../levels/ghzbg.bin", using compression Uncompressed...
Loading FG layout from file "../levels/ghz2.bin", using compression Uncompressed...
Loading FG layout from file "../levels/ghz3.bin", using compression Uncompressed...
Loading palette file "../pallet/sonic.bin"...
Source: 0 Destination: 0 Length: 16
Loading palette file "../pallet/ghz.bin"...
Source: 0 Destination: 16 Length: 48
Loading FG layout from file "../levels/ending.bin", using compression Uncompressed...
Loading object definition file "obj.ini".
Loading object definition file "objGHZ.ini".
Loading ObjectDefinition type S12005ObjectDefinitions.Common.Ring from "Common\Ring.cs"...
Compiling code file...
Loading ObjectDefinition type S12005ObjectDefinitions.Common.InvisibleBlock from "Common\InvisibleBlock.cs"...
Compiling code file...
Loading ObjectDefinition type S12005ObjectDefinitions.GHZ.Bridge from "GHZ\Bridge.cs"...
Compiling code file...
Compile failed.
Errors:
c:\Users\Dustin\Desktop\Kyukyoku\Sonic 1 2005 INIs\Common\Ring.cs(68,35) : warning CS0672: Member 'S12005ObjectDefinitions.Common.Ring.GetBounds(SonicRetro.SonLVL.API.ObjectEntry, System.Drawing.Point)' overrides obsolete member 'SonicRetro.SonLVL.API.ObjectDefinition.GetBounds(SonicRetro.SonLVL.API.ObjectEntry, System.Drawing.Point)'. Add the Obsolete attribute to 'S12005ObjectDefinitions.Common.Ring.GetBounds(SonicRetro.SonLVL.API.ObjectEntry, System.Drawing.Point)'.
c:\Users\Dustin\Desktop\Kyukyoku\Sonic 1 2005 INIs\Common\Ring.cs(83,41) : error CS1061: 'SonicRetro.SonLVL.API.Sprite' does not contain a definition for 'Image' and no extension method 'Image' accepting a first argument of type 'SonicRetro.SonLVL.API.Sprite' could be found (are you missing a using directive or an assembly reference?)
c:\Users\Dustin\Desktop\Kyukyoku\Sonic 1 2005 INIs\Common\Ring.cs(87,13) : error CS1656: Cannot assign to 'Offset' because it is a 'method group'

Compile failed.
Errors:
c:\Users\Dustin\Desktop\Kyukyoku\Sonic 1 2005 INIs\Common\InvisibleBlock.cs(54,35) : warning CS0672: Member 'S12005ObjectDefinitions.Common.InvisibleBlock.GetBounds(SonicRetro.SonLVL.API.ObjectEntry, System.Drawing.Point)' overrides obsolete member 'SonicRetro.SonLVL.API.ObjectDefinition.GetBounds(SonicRetro.SonLVL.API.ObjectEntry, System.Drawing.Point)'. Add the Obsolete attribute to 'S12005ObjectDefinitions.Common.InvisibleBlock.GetBounds(SonicRetro.SonLVL.API.ObjectEntry, System.Drawing.Point)'.
c:\Users\Dustin\Desktop\Kyukyoku\Sonic 1 2005 INIs\Common\InvisibleBlock.cs(50,13) : error CS1656: Cannot assign to 'Offset' because it is a 'method group'

Compile failed.
Errors:
c:\Users\Dustin\Desktop\Kyukyoku\Sonic 1 2005 INIs\GHZ\Bridge.cs(52,35) : warning CS0672: Member 'S12005ObjectDefinitions.GHZ.Bridge.GetBounds(SonicRetro.SonLVL.API.ObjectEntry, System.Drawing.Point)' overrides obsolete member 'SonicRetro.SonLVL.API.ObjectDefinition.GetBounds(SonicRetro.SonLVL.API.ObjectEntry, System.Drawing.Point)'. Add the Obsolete attribute to 'S12005ObjectDefinitions.GHZ.Bridge.GetBounds(SonicRetro.SonLVL.API.ObjectEntry, System.Drawing.Point)'.
c:\Users\Dustin\Desktop\Kyukyoku\Sonic 1 2005 INIs\GHZ\Bridge.cs(63,41) : error CS1061: 'SonicRetro.SonLVL.API.Sprite' does not contain a definition for 'Image' and no extension method 'Image' accepting a first argument of type 'SonicRetro.SonLVL.API.Sprite' could be found (are you missing a using directive or an assembly reference?)
c:\Users\Dustin\Desktop\Kyukyoku\Sonic 1 2005 INIs\GHZ\Bridge.cs(65,13) : error CS1656: Cannot assign to 'Offset' because it is a 'method group'

Loading ObjectDefinition type S12005ObjectDefinitions.GHZ.SwingingPlatform from "GHZ\SwingingPlatform.cs"...
Compiling code file...
Compile failed.
Errors:
c:\Users\Dustin\Desktop\Kyukyoku\Sonic 1 2005 INIs\GHZ\SwingingPlatform.cs(52,35) : warning CS0672: Member 'S12005ObjectDefinitions.GHZ.SwingingPlatform.GetBounds(SonicRetro.SonLVL.API.ObjectEntry, System.Drawing.Point)' overrides obsolete member 'SonicRetro.SonLVL.API.ObjectDefinition.GetBounds(SonicRetro.SonLVL.API.ObjectEntry, System.Drawing.Point)'. Add the Obsolete attribute to 'S12005ObjectDefinitions.GHZ.SwingingPlatform.GetBounds(SonicRetro.SonLVL.API.ObjectEntry, System.Drawing.Point)'.
c:\Users\Dustin\Desktop\Kyukyoku\Sonic 1 2005 INIs\GHZ\SwingingPlatform.cs(65,45) : error CS1061: 'SonicRetro.SonLVL.API.Sprite' does not contain a definition for 'Image' and no extension method 'Image' accepting a first argument of type 'SonicRetro.SonLVL.API.Sprite' could be found (are you missing a using directive or an assembly reference?)
c:\Users\Dustin\Desktop\Kyukyoku\Sonic 1 2005 INIs\GHZ\SwingingPlatform.cs(69,41) : error CS1061: 'SonicRetro.SonLVL.API.Sprite' does not contain a definition for 'Image' and no extension method 'Image' accepting a first argument of type 'SonicRetro.SonLVL.API.Sprite' could be found (are you missing a using directive or an assembly reference?)
c:\Users\Dustin\Desktop\Kyukyoku\Sonic 1 2005 INIs\GHZ\SwingingPlatform.cs(71,13) : error CS1656: Cannot assign to 'Offset' because it is a 'method group'

Loading objects from file "../objpos/ghz1.bin", using compression Uncompressed...
Loading start position "Level Start" from file "../misc/sloc_lev.bin"...
Loading start position "Credits Demo 1" from file "../misc/sloc_end.bin"...
Loading start position "Credits Demo 2" from file "../misc/sloc_end.bin"...
Drawing block bitmaps...
Drawing chunk bitmaps...
Level loaded in 0.9062417 second(s).
Load completed.
System.Runtime.Serialization.SerializationException: Type 'SonicRetro.SonLVL.API.Sprite' in Assembly 'SonLVLAPI, Version=1.0.0.0, Culture=neutral, PublicKeyToken=null' is not marked as serializable.
   at System.Runtime.Serialization.FormatterServices.InternalGetSerializableMembers(RuntimeType type)
   at System.Runtime.Serialization.FormatterServices.<>c__DisplayClass9_0.<GetSerializableMembers>b__0(MemberHolder _)
   at System.Collections.Concurrent.ConcurrentDictionary`2.GetOrAdd(TKey key, Func`2 valueFactory)
   at System.Runtime.Serialization.FormatterServices.GetSerializableMembers(Type type, StreamingContext context)
   at System.Runtime.Serialization.Formatters.Binary.ReadObjectInfo.InitMemberInfo()
   at System.Runtime.Serialization.Formatters.Binary.ReadObjectInfo.InitReadConstructor(Type objectType, ISurrogateSelector surrogateSelector, StreamingContext context)
   at System.Runtime.Serialization.Formatters.Binary.ReadObjectInfo.Init(Type objectType, String[] memberNames, Type[] memberTypes, ISurrogateSelector surrogateSelector, StreamingContext context, ObjectManager objectManager, SerObjectInfoInit serObjectInfoInit, IFormatterConverter converter, Boolean bSimpleAssembly)
   at System.Runtime.Serialization.Formatters.Binary.ObjectMap..ctor(String objectName, String[] memberNames, BinaryTypeEnum[] binaryTypeEnumA, Object[] typeInformationA, Int32[] memberAssemIds, ObjectReader objectReader, Int32 objectId, BinaryAssemblyInfo assemblyInfo, SizedArray assemIdToAssemblyTable)
   at System.Runtime.Serialization.Formatters.Binary.__BinaryParser.ReadObjectWithMapTyped(BinaryObjectWithMapTyped record)
   at System.Runtime.Serialization.Formatters.Binary.__BinaryParser.ReadObjectWithMapTyped(BinaryHeaderEnum binaryHeaderEnum)
   at System.Runtime.Serialization.Formatters.Binary.__BinaryParser.Run()
   at System.Runtime.Serialization.Formatters.Binary.ObjectReader.Deserialize(HeaderHandler handler, __BinaryParser serParser, Boolean fCheck, Boolean isCrossAppDomain, IMethodCallMessage methodCallMessage)
   at System.Runtime.Serialization.Formatters.Binary.BinaryFormatter.Deserialize(Stream serializationStream, HeaderHandler handler, Boolean fCheck, Boolean isCrossAppDomain, IMethodCallMessage methodCallMessage)
   at SonicRetro.SonLVL.GUI.MainForm.backgroundLevelLoader_RunWorkerCompleted(Object sender, RunWorkerCompletedEventArgs e) in E:\AutoBuild\SonLVL\SonLVL\MainForm.cs:line 782
   at System.ComponentModel.BackgroundWorker.OnRunWorkerCompleted(RunWorkerCompletedEventArgs e)
   at System.ComponentModel.BackgroundWorker.AsyncOperationCompleted(Object arg)
